<?xml version="1.0" encoding="UTF-8"?>
<testng-results skipped="0" failed="0" ignored="0" total="1" passed="1">
  <reporter-output>
  </reporter-output>
  <suite name="Default suite" duration-ms="5268" started-at="2020-03-06T06:41:35Z" finished-at="2020-03-06T06:41:40Z">
    <groups>
    </groups>
    <test name="Default test" duration-ms="5268" started-at="2020-03-06T06:41:35Z" finished-at="2020-03-06T06:41:40Z">
      <class name="interview.JagguOauth2">
        <test-method status="PASS" signature="test()[pri:0, instance:interview.JagguOauth2@66a3ffec]" name="test" duration-ms="5222" started-at="2020-03-06T06:41:35Z" finished-at="2020-03-06T06:41:40Z">
          <reporter-output>
          </reporter-output>
        </test-method> <!-- test -->
      </class> <!-- interview.JagguOauth2 -->
    </test> <!-- Default test -->
  </suite> <!-- Default suite -->
</testng-results>
